# nnet3-latgen-faster --online-ivectors=scp:/home/pieteruys/work/kws/github_kws/kws_test/bitbucket_vs_kws/keyword_output/decode_afr/decode/decoded_2021-05-14/feat_2021-05-14/ivectors/ivector_online.scp --online-ivector-period=10 --frame-subsampling-factor=3 --frames-per-chunk=50 --extra-left-context=0 --extra-right-context=0 --extra-left-context-initial=-1 --extra-right-context-final=-1 --minimize=false --max-active=7000 --min-active=200 --beam=16.0 --lattice-beam=8.5 --acoustic-scale=1.0 --allow-partial=true --word-symbol-table=exp/chain_cleaned/tdnn1g_sp/graph_sasal_eval/words.txt exp/chain_cleaned/tdnn1g_sp/final.mdl exp/chain_cleaned/tdnn1g_sp/graph_sasal_eval/HCLG.fst "ark,s,cs:apply-cmvn --norm-means=false --norm-vars=false --utt2spk=ark:/home/pieteruys/work/kws/github_kws/kws_test/bitbucket_vs_kws/keyword_output/decode_afr/decode/decoded_2021-05-14/data_2021-05-14_hires/split1/1/utt2spk scp:/home/pieteruys/work/kws/github_kws/kws_test/bitbucket_vs_kws/keyword_output/decode_afr/decode/decoded_2021-05-14/data_2021-05-14_hires/split1/1/cmvn.scp scp:/home/pieteruys/work/kws/github_kws/kws_test/bitbucket_vs_kws/keyword_output/decode_afr/decode/decoded_2021-05-14/data_2021-05-14_hires/split1/1/feats.scp ark:- |" "ark:|lattice-scale --acoustic-scale=10.0 ark:- ark:- | gzip -c >/home/pieteruys/work/kws/github_kws/kws_test/bitbucket_vs_kws/keyword_output/decode_afr/decode/decoded_2021-05-14/decode_2021-05-14/lat.1.gz" 
# Started at Fri May 14 15:48:06 SAST 2021
#
nnet3-latgen-faster --online-ivectors=scp:/home/pieteruys/work/kws/github_kws/kws_test/bitbucket_vs_kws/keyword_output/decode_afr/decode/decoded_2021-05-14/feat_2021-05-14/ivectors/ivector_online.scp --online-ivector-period=10 --frame-subsampling-factor=3 --frames-per-chunk=50 --extra-left-context=0 --extra-right-context=0 --extra-left-context-initial=-1 --extra-right-context-final=-1 --minimize=false --max-active=7000 --min-active=200 --beam=16.0 --lattice-beam=8.5 --acoustic-scale=1.0 --allow-partial=true --word-symbol-table=exp/chain_cleaned/tdnn1g_sp/graph_sasal_eval/words.txt exp/chain_cleaned/tdnn1g_sp/final.mdl exp/chain_cleaned/tdnn1g_sp/graph_sasal_eval/HCLG.fst 'ark,s,cs:apply-cmvn --norm-means=false --norm-vars=false --utt2spk=ark:/home/pieteruys/work/kws/github_kws/kws_test/bitbucket_vs_kws/keyword_output/decode_afr/decode/decoded_2021-05-14/data_2021-05-14_hires/split1/1/utt2spk scp:/home/pieteruys/work/kws/github_kws/kws_test/bitbucket_vs_kws/keyword_output/decode_afr/decode/decoded_2021-05-14/data_2021-05-14_hires/split1/1/cmvn.scp scp:/home/pieteruys/work/kws/github_kws/kws_test/bitbucket_vs_kws/keyword_output/decode_afr/decode/decoded_2021-05-14/data_2021-05-14_hires/split1/1/feats.scp ark:- |' 'ark:|lattice-scale --acoustic-scale=10.0 ark:- ark:- | gzip -c >/home/pieteruys/work/kws/github_kws/kws_test/bitbucket_vs_kws/keyword_output/decode_afr/decode/decoded_2021-05-14/decode_2021-05-14/lat.1.gz' 
LOG (nnet3-latgen-faster[5.5.821~1-811bd2]:RemoveOrphanNodes():nnet-nnet.cc:948) Removed 1 orphan nodes.
LOG (nnet3-latgen-faster[5.5.821~1-811bd2]:RemoveOrphanComponents():nnet-nnet.cc:847) Removing 2 orphan components.
LOG (nnet3-latgen-faster[5.5.821~1-811bd2]:Collapse():nnet-utils.cc:1488) Added 1 components, removed 2
lattice-scale --acoustic-scale=10.0 ark:- ark:- 
apply-cmvn --norm-means=false --norm-vars=false --utt2spk=ark:/home/pieteruys/work/kws/github_kws/kws_test/bitbucket_vs_kws/keyword_output/decode_afr/decode/decoded_2021-05-14/data_2021-05-14_hires/split1/1/utt2spk scp:/home/pieteruys/work/kws/github_kws/kws_test/bitbucket_vs_kws/keyword_output/decode_afr/decode/decoded_2021-05-14/data_2021-05-14_hires/split1/1/cmvn.scp scp:/home/pieteruys/work/kws/github_kws/kws_test/bitbucket_vs_kws/keyword_output/decode_afr/decode/decoded_2021-05-14/data_2021-05-14_hires/split1/1/feats.scp ark:- 
LOG (apply-cmvn[5.5.821~1-811bd2]:main():apply-cmvn.cc:81) Copied 1 utterances.
LOG (nnet3-latgen-faster[5.5.821~1-811bd2]:CheckAndFixConfigs():nnet-am-decodable-simple.cc:294) Increasing --frames-per-chunk from 50 to 51 to make it a multiple of --frame-subsampling-factor=3
afr_parliament_clip-0000-0398 hierdie met elkeen van ons laat met 'n gevoel van se realistiese 
LOG (nnet3-latgen-faster[5.5.821~1-811bd2]:DecodeUtteranceLatticeFaster():decoder-wrappers.cc:375) Log-like per frame for utterance afr_parliament_clip-0000-0398 is 1.45371 over 132 frames.
LOG (nnet3-latgen-faster[5.5.821~1-811bd2]:main():nnet3-latgen-faster.cc:256) Time taken 0.412941s: real-time factor assuming 100 frames/sec is 0.104278
LOG (nnet3-latgen-faster[5.5.821~1-811bd2]:main():nnet3-latgen-faster.cc:259) Done 1 utterances, failed for 0
LOG (nnet3-latgen-faster[5.5.821~1-811bd2]:main():nnet3-latgen-faster.cc:261) Overall log-likelihood per frame is 1.45371 over 132 frames.
LOG (nnet3-latgen-faster[5.5.821~1-811bd2]:~CachingOptimizingCompiler():nnet-optimize.cc:710) 0.0157 seconds taken in nnet3 compilation total (breakdown: 0.0109 compilation, 0.00343 optimization, 0 shortcut expansion, 0.000539 checking, 9.54e-07 computing indexes, 0.000784 misc.) + 0 I/O.
LOG (lattice-scale[5.5.821~1-811bd2]:main():lattice-scale.cc:107) Done 1 lattices.
# Accounting: time=1 threads=1
# Ended (code 0) at Fri May 14 15:48:07 SAST 2021, elapsed time 1 seconds
